<?xml version="1.0" encoding="UTF-8"?>
<!-- Generated by org.testng.reporters.JUnitXMLReporter -->
<testsuite hostname="DESKTOP-RMLD950" ignored="0" name="Test" tests="7" failures="1" timestamp="06 Dec 2019 04:41:37 GMT" time="1131.828" errors="0">
  <testcase name="verifyMmDevAgency" time="26.853" classname="com.velocity.qa.testcases.SearchMmDevAgency"/>
  <testcase name="VerifyHttpStatus" time="357.902" classname="com.velocity.qa.testcases.VerifyHttpStatusOfUrl"/>
  <testcase name="VerifySrcUrlsDomain" time="77.226" classname="com.velocity.qa.testcases.VerifySrcUrlDomain"/>
  <testcase name="VerifyGTMCodePresent" time="1.709" classname="com.velocity.qa.testcases.VerifyGTMCode"/>
  <testcase name="VerifySEOLocation" time="333.39" classname="com.velocity.qa.testcases.VerifySEOLocation"/>
  <testcase name="verifyNoIndextest" time="63.009" classname="com.velocity.qa.testcases.VerifyNoIndex"/>
  <testcase name="VerifyH1TagTest" time="51.641" classname="com.velocity.qa.testcases.VerifyH1tag">
    <failure type="java.lang.AssertionError" message="The following asserts failed:
	expected [true] but found [false],
	expected [true] but found [false],
	expected [true] but found [false],
	expected [true] but found [false],
	expected [true] but found [false],
	expected [true] but found [false],
	expected [true] but found [false],
	expected [true] but found [false],
	expected [true] but found [false],
	expected [true] but found [false],
	expected [true] but found [false],
	expected [true] but found [false],
	expected [true] but found [false],
	expected [true] but found [false],
	expected [true] but found [false],
	expected [true] but found [false],
	expected [true] but found [false],
	expected [true] but found [false],
	expected [true] but found [false],
	expected [true] but found [false],
	expected [true] but found [false],
	expected [true] but found [false],
	expected [true] but found [false],
	expected [true] but found [false],
	expected [true] but found [false],
	expected [true] but found [false],
	expected [true] but found [false],
	expected [true] but found [false],
	expected [true] but found [false],
	expected [true] but found [false],
	expected [true] but found [false]">
      <![CDATA[java.lang.AssertionError: The following asserts failed:
expected [true] but found [false],
expected [true] but found [false],
expected [true] but found [false],
expected [true] but found [false],
expected [true] but found [false],
expected [true] but found [false],
expected [true] but found [false],
expected [true] but found [false],
expected [true] but found [false],
expected [true] but found [false],
expected [true] but found [false],
expected [true] but found [false],
expected [true] but found [false],
expected [true] but found [false],
expected [true] but found [false],
expected [true] but found [false],
expected [true] but found [false],
expected [true] but found [false],
expected [true] but found [false],
expected [true] but found [false],
expected [true] but found [false],
expected [true] but found [false],
expected [true] but found [false],
expected [true] but found [false],
expected [true] but found [false],
expected [true] but found [false],
expected [true] but found [false],
expected [true] but found [false],
expected [true] but found [false],
expected [true] but found [false],
expected [true] but found [false]
at com.velocity.qa.pages.H1TagPages.VerifyH1TagCount(H1TagPages.java:82)
at com.velocity.qa.testcases.VerifyH1tag.VerifyH1TagTest(VerifyH1tag.java:34)
... Removed 26 stack frames]]>
    </failure>
  </testcase> <!-- VerifyH1TagTest -->
</testsuite> <!-- Test -->
